# JRE version: OpenJDK Runtime Environment (11.0.8+10) (build 11.0.8+10-b944.6842174)
# Java VM: OpenJDK 64-Bit Server VM (11.0.8+10-b944.6842174, mixed mode, tiered, compressed oops, g1 gc, windows-amd64)
Heap:
 garbage-first heap   total 114688K, used 33444K [0x0000000080000000, 0x0000000100000000)
  region size 1024K, 11 young (11264K), 5 survivors (5120K)
 Metaspace       used 26530K, capacity 27234K, committed 27440K, reserved 1073152K
  class space    used 3406K, capacity 3631K, committed 3712K, reserved 1048576K
GC Heap History (8 events):
Event: 1.231 GC heap before
{Heap before GC invocations=0 (full 0):
 garbage-first heap   total 114688K, used 29696K [0x0000000080000000, 0x0000000100000000)
  region size 1024K, 24 young (24576K), 0 survivors (0K)
 Metaspace       used 10767K, capacity 11000K, committed 11264K, reserved 1058816K
  class space    used 1139K, capacity 1200K, committed 1280K, reserved 1048576K
}
Event: 1.244 GC heap after
{Heap after GC invocations=1 (full 0):
 garbage-first heap   total 114688K, used 8507K [0x0000000080000000, 0x0000000100000000)
  region size 1024K, 3 young (3072K), 3 survivors (3072K)
 Metaspace       used 10767K, capacity 11000K, committed 11264K, reserved 1058816K
  class space    used 1139K, capacity 1200K, committed 1280K, reserved 1048576K
}
Event: 3.465 GC heap before
{Heap before GC invocations=1 (full 0):
 garbage-first heap   total 114688K, used 73019K [0x0000000080000000, 0x0000000100000000)
  region size 1024K, 67 young (68608K), 3 survivors (3072K)
 Metaspace       used 18197K, capacity 18740K, committed 19072K, reserved 1067008K
  class space    used 2195K, capacity 2338K, committed 2432K, reserved 1048576K
}
Event: 3.476 GC heap after
{Heap after GC invocations=2 (full 0):
 garbage-first heap   total 114688K, used 15173K [0x0000000080000000, 0x0000000100000000)
  region size 1024K, 9 young (9216K), 9 survivors (9216K)
 Metaspace       used 18197K, capacity 18740K, committed 19072K, reserved 1067008K
  class space    used 2195K, capacity 2338K, committed 2432K, reserved 1048576K
}
Event: 3.830 GC heap before
{Heap before GC invocations=2 (full 0):
 garbage-first heap   total 114688K, used 29509K [0x0000000080000000, 0x0000000100000000)
  region size 1024K, 25 young (25600K), 9 survivors (9216K)
 Metaspace       used 20695K, capacity 21168K, committed 21296K, reserved 1069056K
  class space    used 2490K, capacity 2636K, committed 2688K, reserved 1048576K
}
Event: 3.840 GC heap after
{Heap after GC invocations=3 (full 0):
 garbage-first heap   total 114688K, used 15773K [0x0000000080000000, 0x0000000100000000)
  region size 1024K, 1 young (1024K), 1 survivors (1024K)
 Metaspace       used 20695K, capacity 21168K, committed 21296K, reserved 1069056K
  class space    used 2490K, capacity 2636K, committed 2688K, reserved 1048576K
}
Event: 4.758 GC heap before
{Heap before GC invocations=4 (full 0):
 garbage-first heap   total 114688K, used 64925K [0x0000000080000000, 0x0000000100000000)
  region size 1024K, 41 young (41984K), 1 survivors (1024K)
 Metaspace       used 25954K, capacity 26626K, committed 26800K, reserved 1073152K
  class space    used 3311K, capacity 3535K, committed 3584K, reserved 1048576K
}
Event: 4.762 GC heap after
{Heap after GC invocations=5 (full 0):
 garbage-first heap   total 114688K, used 28324K [0x0000000080000000, 0x0000000100000000)
  region size 1024K, 5 young (5120K), 5 survivors (5120K)
 Metaspace       used 25954K, capacity 26626K, committed 26800K, reserved 1073152K
  class space    used 3311K, capacity 3535K, committed 3584K, reserved 1048576K
}

