# JRE version: OpenJDK Runtime Environment (11.0.8+10) (build 11.0.8+10-b944.6842174)
# Java VM: OpenJDK 64-Bit Server VM (11.0.8+10-b944.6842174, mixed mode, tiered, compressed oops, g1 gc, windows-amd64)
Heap:
 garbage-first heap   total 114688K, used 50720K [0x0000000080000000, 0x0000000100000000)
  region size 1024K, 25 young (25600K), 7 survivors (7168K)
 Metaspace       used 36967K, capacity 37742K, committed 37936K, reserved 1083392K
  class space    used 4643K, capacity 4891K, committed 4992K, reserved 1048576K
GC Heap History (10 events):
Event: 1.665 GC heap before
{Heap before GC invocations=0 (full 0):
 garbage-first heap   total 114688K, used 29696K [0x0000000080000000, 0x0000000100000000)
  region size 1024K, 24 young (24576K), 0 survivors (0K)
 Metaspace       used 10779K, capacity 11060K, committed 11264K, reserved 1058816K
  class space    used 1139K, capacity 1200K, committed 1280K, reserved 1048576K
}
Event: 1.684 GC heap after
{Heap after GC invocations=1 (full 0):
 garbage-first heap   total 114688K, used 8832K [0x0000000080000000, 0x0000000100000000)
  region size 1024K, 3 young (3072K), 3 survivors (3072K)
 Metaspace       used 10779K, capacity 11060K, committed 11264K, reserved 1058816K
  class space    used 1139K, capacity 1200K, committed 1280K, reserved 1048576K
}
Event: 4.435 GC heap before
{Heap before GC invocations=1 (full 0):
 garbage-first heap   total 114688K, used 74368K [0x0000000080000000, 0x0000000100000000)
  region size 1024K, 67 young (68608K), 3 survivors (3072K)
 Metaspace       used 18134K, capacity 18672K, committed 18816K, reserved 1064960K
  class space    used 2183K, capacity 2338K, committed 2432K, reserved 1048576K
}
Event: 4.449 GC heap after
{Heap after GC invocations=2 (full 0):
 garbage-first heap   total 114688K, used 15215K [0x0000000080000000, 0x0000000100000000)
  region size 1024K, 9 young (9216K), 9 survivors (9216K)
 Metaspace       used 18134K, capacity 18672K, committed 18816K, reserved 1064960K
  class space    used 2183K, capacity 2338K, committed 2432K, reserved 1048576K
}
Event: 4.960 GC heap before
{Heap before GC invocations=2 (full 0):
 garbage-first heap   total 114688K, used 30575K [0x0000000080000000, 0x0000000100000000)
  region size 1024K, 26 young (26624K), 9 survivors (9216K)
 Metaspace       used 20725K, capacity 21164K, committed 21296K, reserved 1069056K
  class space    used 2489K, capacity 2636K, committed 2688K, reserved 1048576K
}
Event: 4.970 GC heap after
{Heap after GC invocations=3 (full 0):
 garbage-first heap   total 114688K, used 16435K [0x0000000080000000, 0x0000000100000000)
  region size 1024K, 1 young (1024K), 1 survivors (1024K)
 Metaspace       used 20725K, capacity 21164K, committed 21296K, reserved 1069056K
  class space    used 2489K, capacity 2636K, committed 2688K, reserved 1048576K
}
Event: 6.592 GC heap before
{Heap before GC invocations=4 (full 0):
 garbage-first heap   total 114688K, used 85043K [0x0000000080000000, 0x0000000100000000)
  region size 1024K, 60 young (61440K), 1 survivors (1024K)
 Metaspace       used 27722K, capacity 28419K, committed 28592K, reserved 1075200K
  class space    used 3580K, capacity 3793K, committed 3840K, reserved 1048576K
}
Event: 6.597 GC heap after
{Heap after GC invocations=5 (full 0):
 garbage-first heap   total 114688K, used 29344K [0x0000000080000000, 0x0000000100000000)
  region size 1024K, 5 young (5120K), 5 survivors (5120K)
 Metaspace       used 27722K, capacity 28419K, committed 28592K, reserved 1075200K
  class space    used 3580K, capacity 3793K, committed 3840K, reserved 1048576K
}
Event: 7.579 GC heap before
{Heap before GC invocations=5 (full 0):
 garbage-first heap   total 114688K, used 64160K [0x0000000080000000, 0x0000000100000000)
  region size 1024K, 38 young (38912K), 5 survivors (5120K)
 Metaspace       used 34963K, capacity 35752K, committed 35888K, reserved 1081344K
  class space    used 4395K, capacity 4658K, committed 4736K, reserved 1048576K
}
Event: 7.595 GC heap after
{Heap after GC invocations=6 (full 0):
 garbage-first heap   total 114688K, used 34336K [0x0000000080000000, 0x0000000100000000)
  region size 1024K, 7 young (7168K), 7 survivors (7168K)
 Metaspace       used 34963K, capacity 35752K, committed 35888K, reserved 1081344K
  class space    used 4395K, capacity 4658K, committed 4736K, reserved 1048576K
}

